[debug] [2021-10-25T01:11:16.352Z] ----------------------------------------------------------------------
[debug] [2021-10-25T01:11:16.354Z] Command:       C:\Program Files\nodejs\node.exe C:\Users\Luis Corrales\AppData\Roaming\npm\node_modules\firebase-tools\lib\bin\firebase.js init
[debug] [2021-10-25T01:11:16.354Z] CLI Version:   9.21.0
[debug] [2021-10-25T01:11:16.354Z] Platform:      win32
[debug] [2021-10-25T01:11:16.355Z] Node Version:  v14.17.6
[debug] [2021-10-25T01:11:16.356Z] Time:          Sun Oct 24 2021 20:11:16 GMT-0500 (hora estándar de Colombia)
[debug] [2021-10-25T01:11:16.356Z] ----------------------------------------------------------------------
[debug] 
[debug] [2021-10-25T01:11:16.410Z] > command requires scopes: ["email","openid","https://www.googleapis.com/auth/cloudplatformprojects.readonly","https://www.googleapis.com/auth/firebase","https://www.googleapis.com/auth/cloud-platform"]
[debug] [2021-10-25T01:11:16.410Z] > authorizing via signed-in user (luiscorrales5012@gmail.com)
[info] 
     ######## #### ########  ######## ########     ###     ######  ########
     ##        ##  ##     ## ##       ##     ##  ##   ##  ##       ##
     ######    ##  ########  ######   ########  #########  ######  ######
     ##        ##  ##    ##  ##       ##     ## ##     ##       ## ##
     ##       #### ##     ## ######## ########  ##     ##  ######  ########

You're about to initialize a Firebase project in this directory:

  C:\Users\Luis Corrales\Documents\PROGRAMACION\GEEK\formacion_tecnica\sprints\sprint4\prueba_tecnica

Before we get started, keep in mind:

  * You are initializing within an existing Firebase project directory

[info] 
=== Project Setup
[info] 
[info] First, let's associate this project directory with a Firebase project.
[info] You can create multiple project aliases by running firebase use --add, 
[info] but for now we'll just set up a default project.
[info] 
[info] i  .firebaserc already has a default project, using prueba-tecnica. 
[debug] [2021-10-25T01:11:20.090Z] >>> [apiv2][query] GET https://firebase.googleapis.com/v1beta1/projects/prueba-tecnica [none]
[debug] [2021-10-25T01:11:20.441Z] <<< [apiv2][status] GET https://firebase.googleapis.com/v1beta1/projects/prueba-tecnica 403
[debug] [2021-10-25T01:11:20.441Z] <<< [apiv2][body] GET https://firebase.googleapis.com/v1beta1/projects/prueba-tecnica {"error":{"code":403,"message":"The caller does not have permission","status":"PERMISSION_DENIED"}}
[debug] [2021-10-25T01:11:20.441Z] HTTP Error: 403, The caller does not have permission
[debug] [2021-10-25T01:11:20.635Z] FirebaseError: HTTP Error: 403, The caller does not have permission
    at module.exports (C:\Users\Luis Corrales\AppData\Roaming\npm\node_modules\firebase-tools\lib\responseToError.js:38:12)
    at Client.doRequest (C:\Users\Luis Corrales\AppData\Roaming\npm\node_modules\firebase-tools\lib\apiv2.js:240:23)
    at processTicksAndRejections (internal/process/task_queues.js:95:5)
    at async Client.request (C:\Users\Luis Corrales\AppData\Roaming\npm\node_modules\firebase-tools\lib\apiv2.js:96:20)
    at async Object.getFirebaseProject (C:\Users\Luis Corrales\AppData\Roaming\npm\node_modules\firebase-tools\lib\management\projects.js:290:21)
    at async Object.doSetup [as project] (C:\Users\Luis Corrales\AppData\Roaming\npm\node_modules\firebase-tools\lib\init\features\project.js:77:27)
    at async init (C:\Users\Luis Corrales\AppData\Roaming\npm\node_modules\firebase-tools\lib\init\index.js:19:9)
[error] 
[error] Error: Failed to get Firebase project prueba-tecnica. Please make sure the project exists and your account has permission to access it.
